[handleMsg]:  {
  key: {
    remoteJid: '5493491440894@s.whatsapp.net',
    fromMe: false,
    id: '3EB063F3777E59CFF3A0DE',
    participant: undefined
  },
  messageTimestamp: 1701786505,
  pushName: 'Gianluca',
  broadcast: false,
  message: Message {
    conversation: 'hola',
    messageContextInfo: MessageContextInfo {
      deviceListMetadata: [DeviceListMetadata],
      deviceListMetadataVersion: 2
    }
  },
  body: 'hola',
  from: '5493491440894'
}
[QUEUE_SE_ENVIO]:  {
  ref: 'ans_7a2ef9a5-75cd-4d6c-93c7-570553355ddb',
  keyword: 'key_438d9f1d-3915-444a-81f9-a2b3254b5934',
  answer: ' 隆Hola! Soy Ceresito, el chatbot del Gobierno de la Ciudad de Ceres ',
  options: {
    media: null,
    buttons: [],
    capture: false,
    child: null,
    delay: 0,
    idle: null,
    ref: null,
    nested: [],
    keyword: {},
    callback: true
  },
  refSerialize: '80ed8598a2d7982975767ede399b66c4'
}
[QUEUE_SE_ENVIO]:  {
  ref: 'ans_ce0cdd89-c753-4bb2-ae3c-d20890a40118',
  keyword: 'ans_7a2ef9a5-75cd-4d6c-93c7-570553355ddb',
  answer: 'No soy un superh茅roe pero puedo ayudarte de muchas maneras Ω锔\n' +
    'Contame, 驴sobre qu茅 necesitas saber?\n' +
    '1.  Tr谩mites 锔\n' +
    '2.  Licencia de conducir \n' +
    '3.  Informaci贸n sobre el CIC \n' +
    '4.  Turismo \n' +
    '5.  Historia de Ceres \n' +
    '6.  Separaci贸n y recolecci贸n de residuos \n' +
    '7.  Educaci贸n \n' +
    '8.  Actividades para adultos mayores 叼\n' +
    '9.  Prevenci贸n del dengue \n' +
    '10.  C贸mo usar Ceresito\n' +
    '\n' +
    '\n' +
    ' Escrib铆 el n煤mero del men煤 sobre el tema que te interese para continuar.',
  options: {
    media: null,
    buttons: [],
    capture: true,
    child: null,
    delay: 4000,
    idle: null,
    ref: null,
    nested: [],
    keyword: {},
    callback: true
  },
  refSerialize: 'b83c15f9fe0ae04a8f3e86f51071c5ae'
}
[handleMsg]:  {
  key: {
    remoteJid: '5493491440894@s.whatsapp.net',
    fromMe: false,
    id: '3EB08E938CAE8FF71B24A4',
    participant: undefined
  },
  messageTimestamp: 1701786514,
  pushName: 'Gianluca',
  broadcast: false,
  message: Message {
    conversation: '10',
    messageContextInfo: MessageContextInfo {
      deviceListMetadata: [DeviceListMetadata],
      deviceListMetadataVersion: 2
    }
  },
  body: '10',
  from: '5493491440894'
}
[handleMsg]:  {
  key: {
    remoteJid: '5493491440894@s.whatsapp.net',
    fromMe: false,
    id: '3EB0C9581C0ECBE4D66E2A',
    participant: undefined
  },
  messageTimestamp: 1701786543,
  pushName: 'Gianluca',
  broadcast: false,
  message: Message {
    conversation: 'menu',
    messageContextInfo: MessageContextInfo {
      deviceListMetadata: [DeviceListMetadata],
      deviceListMetadataVersion: 2
    }
  },
  body: 'menu',
  from: '5493491440894'
}
[QUEUE_SE_ENVIO]:  {
  ref: 'ans_00e507d8-881a-4e8e-b86f-eea86601aa28',
  keyword: 'key_d513cbd2-8c27-433f-b4ac-c2adbfda8c15',
  answer: '驴Sobre qu茅 necesitas saber? Te escucho\n' +
    '1.  Tr谩mites 锔\n' +
    '2.  Licencia de conducir \n' +
    '3.  Informaci贸n sobre el CIC \n' +
    '4.  Turismo \n' +
    '5.  Historia de Ceres \n' +
    '6.  Separaci贸n y recolecci贸n de residuos \n' +
    '7.  Educaci贸n \n' +
    '8.  Actividades para adultos mayores 叼\n' +
    '9.  Prevenci贸n del dengue \n' +
    '10.  C贸mo usar Ceresito\n' +
    '\n' +
    '\n' +
    ' Escrib铆 el n煤mero del men煤 sobre el tema que te interese para continuar.',
  options: {
    media: null,
    buttons: [],
    capture: true,
    child: null,
    delay: 1000,
    idle: null,
    ref: null,
    nested: [],
    keyword: {},
    callback: true
  },
  refSerialize: '28bb1aaff5beb1af8a785dbec57f7f36'
}
